<?xml version="1.0" encoding="UTF-8"?>
<!-- Generated by org.testng.reporters.JUnitXMLReporter -->
<testsuite ignored="5" hostname="Rafeqs-MacBook-Pro.local" failures="0" tests="1" name="AtidTask" time="15.491" errors="0" timestamp="2024-07-21T13:37:46 IDT">
  <testcase classname="web.SanityTest" name="testFilterByPrice" time="15.459"/>
  <testcase classname="web.SanityTest" name="testAdditionalInformation" time="0.0">
    <ignored/>
  </testcase> <!-- testAdditionalInformation -->
  <testcase classname="web.SanityTest" name="testSortByLatest" time="0.0">
    <ignored/>
  </testcase> <!-- testSortByLatest -->
  <testcase classname="web.SanityTest" name="testCouponOfProduct" time="0.0">
    <ignored/>
  </testcase> <!-- testCouponOfProduct -->
  <testcase classname="web.SanityTest" name="testAddReviewProduct" time="0.0">
    <ignored/>
  </testcase> <!-- testAddReviewProduct -->
  <testcase classname="web.SanityTest" name="testCheckMenAddedProductToCart" time="0.0">
    <ignored/>
  </testcase> <!-- testCheckMenAddedProductToCart -->
</testsuite> <!-- AtidTask -->
