<?xml version="1.0" encoding="UTF-8"?>
<!-- Generated by org.testng.reporters.JUnitXMLReporter -->
<testsuite ignored="2" hostname="Israerls-MBP" failures="0" tests="1" name="FirstTest" time="2.894" errors="0" timestamp="2024-07-18T10:06:41 IDT">
  <testcase classname="web.SanityTest" name="testValidContactUs" time="2.409"/>
  <testcase classname="web.SanityTest" name="testValidUrl" time="0.0">
    <ignored/>
  </testcase> <!-- testValidUrl -->
  <testcase classname="web.SanityTest" name="testInvalidUrl" time="0.0">
    <ignored/>
  </testcase> <!-- testInvalidUrl -->
</testsuite> <!-- FirstTest -->
