<?xml version="1.0" encoding="UTF-8"?>
<testng-results ignored="0" total="1" passed="1" failed="0" skipped="0">
  <reporter-output>
  </reporter-output>
  <suite started-at="2024-07-21T13:37:31 IDT" name="Default Suite" finished-at="2024-07-21T13:37:46 IDT" duration-ms="15491">
    <groups>
    </groups>
    <test started-at="2024-07-21T13:37:31 IDT" name="AtidTask" finished-at="2024-07-21T13:37:46 IDT" duration-ms="15491">
      <class name="web.SanityTest">
        <test-method signature="testFilterByPrice()[pri:0, instance:web.SanityTest@51cd7ffc]" started-at="2024-07-21T13:37:31 IDT" name="testFilterByPrice" finished-at="2024-07-21T13:37:46 IDT" duration-ms="15459" status="PASS">
          <reporter-output>
          </reporter-output>
        </test-method> <!-- testFilterByPrice -->
      </class> <!-- web.SanityTest -->
    </test> <!-- AtidTask -->
  </suite> <!-- Default Suite -->
</testng-results>
